Iter no.,Eval no.,poll_size,hmin,fmin,x1,x2
0,1,0.0,0.0,810081.0,10.0,10.0
1,2,1,0.0,837305.9999999999,10.0,8.5
1,3,1,0.0,387562.49999999994,8.5,10.0
2,4,2,0.0,425812.5,8.5,7.0
3,5,1.0,0.0,152136.0,7.0,10.0
4,6,2.0,0.0,3609.0,4.0,10.0
4,7,2.0,0.0,864981.0,10.0,7.0
5,9,4.0,0.0,3609.0,-2.0,10.0
5,8,4.0,0.0,14408.999999999998,4.0,4.0
6,11,2.0,0.0,8100.0,1.0,10.0
6,10,2.0,0.0,176435.99999999997,7.0,7.0
7,13,1.0,0.0,1408.5,2.5,10.0
7,12,1.0,0.0,41026.5,5.5,10.0
7,14,1.0,0.0,5634.0,4.0,8.5
8,15,2.0,0.0,58.5,2.5,7.0
8,16,2.0,0.0,9508.5,-0.5,10.0
9,17,4.0,0.0,2758.5,2.5,1.0
10,19,2.0,0.0,68926.5,5.5,4.0
10,18,2.0,0.0,4558.5,-0.5,7.0
10,20,2.0,0.0,54076.5,5.5,7.0
11,21,1.0,0.0,8109.0,4.0,7.0
11,22,1.0,0.0,3600.0,1.0,7.0
12,25,0.5,0.0,1550.953125,1.75,7.0
12,23,0.5,0.0,2.25,2.5,6.25
12,24,0.5,0.0,1274.203125,3.25,7.0
12,26,0.5,0.0,227.25,2.5,7.75
13,27,1.0,0.0,2756.25,1.0,6.25
13,28,1.0,0.0,9515.25,4.0,6.25
13,29,1.0,0.0,227.25,2.5,4.75
14,31,0.5,0.0,1864.828125,3.25,6.25
14,30,0.5,0.0,58.5,2.5,5.5
14,32,0.5,0.0,1016.5781249999999,1.75,6.25
15,35,0.25,0.0,488.8916015625,2.875,6.0625
15,33,0.25,0.0,370.6259765625,2.125,6.4375
15,34,0.25,0.0,3.5914649963378906,2.59375,6.625
15,36,0.25,0.0,2.6993751525878906,2.40625,5.875
16,38,0.125,0.0,92.94927978515625,2.6875,6.2734375
16,39,0.125,0.0,78.97027587890625,2.3125,6.2265625
16,37,0.125,0.0,20.376550912857056,2.546875,6.0625
16,40,0.125,0.0,19.724512338638306,2.453125,6.4375
17,43,0.0625,0.0,19.529056549072266,2.40625,6.208984375
17,42,0.0625,0.0,11.405379597621504,2.541015625,6.15625
17,41,0.0625,0.0,21.59531021118164,2.59375,6.291015625
17,44,0.0625,0.0,10.958200637775008,2.458984375,6.34375
18,46,0.03125,0.0,3.246166702376513,2.51025390625,6.203125
18,45,0.03125,0.0,3.1805155966596885,2.48974609375,6.296875
18,47,0.03125,0.0,7.036590814590454,2.453125,6.23974609375
18,48,0.03125,0.0,7.514822244644165,2.546875,6.26025390625
19,50,0.015625,0.0,2.258928224330603,2.497802734375,6.2265625
19,51,0.015625,0.0,3.601140394806862,2.4765625,6.2525634765625
19,49,0.015625,0.0,3.768077865242958,2.5234375,6.2474365234375
19,52,0.015625,0.0,2.2720877724958797,2.502197265625,6.2734375
20,55,0.0078125,0.0,2.2986310887099815,2.49761962890625,6.26171875
20,54,0.0078125,0.0,2.6038664588704705,2.51171875,6.252288818359375
20,53,0.0078125,0.0,2.530461036600172,2.48828125,6.247711181640625
20,56,0.0078125,0.0,2.3129668505862635,2.50238037109375,6.23828125
21,57,0.00390625,0.0,2.291484830493573,2.494140625,6.245033264160156
21,59,0.00390625,0.0,2.3269752041087486,2.505859375,6.254966735839844
21,58,0.00390625,0.0,2.329179449300251,2.4950332641601562,6.255859375
21,60,0.00390625,0.0,2.3592827245514227,2.5049667358398438,6.244140625
22,62,0.001953125,0.0,2.2570930894268577,2.5007896423339844,6.247076034545898
22,61,0.001953125,0.0,2.26035623450176,2.4970760345458984,6.249216079711914
22,63,0.001953125,0.0,2.2523535214057233,2.4992103576660156,6.252923965454102
22,64,0.001953125,0.0,2.2779473436704825,2.5029239654541016,6.250783920288086
23,67,0.0009765625,0.0,2.255813065033273,2.501220226287842,6.25146484375
23,65,0.0009765625,0.0,2.248488946021932,2.498779773712158,6.24853515625
23,66,0.0009765625,0.0,2.252907146376174,2.49853515625,6.251221656799316
23,68,0.0009765625,0.0,2.261703543859994,2.50146484375,6.248778343200684
24,71,0.001953125,0.0,2.2726688261347623,2.495850086212158,6.248003005981445
24,69,0.001953125,0.0,2.2480273762038543,2.499311923980713,6.24560546875
24,70,0.001953125,0.0,2.2551982547587692,2.4982476234436035,6.25146484375
24,72,0.001953125,0.0,2.2641238864803594,2.501709461212158,6.249067306518555
25,75,0.00390625,0.0,2.24336443768793,2.497755527496338,6.23974609375
25,73,0.00390625,0.0,2.3196768131827885,2.493452548980713,6.247184753417969
25,74,0.00390625,0.0,2.3670278228453046,2.505171298980713,6.244026184082031
25,76,0.00390625,0.0,2.2534337232266126,2.500868320465088,6.25146484375
26,79,0.0078125,0.0,2.3438107497515155,2.505812168121338,6.25146484375
26,77,0.0078125,0.0,2.3057964085450706,2.489698886871338,6.22802734375
26,78,0.0078125,0.0,2.662903200261954,2.486036777496338,6.247802734375
26,80,0.0078125,0.0,2.7111041977195813,2.509474277496338,6.231689453125
27,81,0.00390625,0.0,2.3440421344722497,2.492262363433838,6.24560546875
27,83,0.00390625,0.0,2.3645207945537745,2.503248691558838,6.23388671875
27,82,0.00390625,0.0,2.2867952186672516,2.491896152496338,6.2342529296875
27,84,0.00390625,0.0,2.3130623576954377,2.503614902496338,6.2452392578125
28,86,0.001953125,0.0,2.249662614378153,2.496525287628174,6.24267578125
28,85,0.001953125,0.0,2.2551413497903283,2.494825839996338,6.238521575927734
28,87,0.001953125,0.0,2.267571141021817,2.500685214996338,6.240970611572266
28,88,0.001953125,0.0,2.2535411528458247,2.498985767364502,6.23681640625
29,90,0.0009765625,0.0,2.2525297619191376,2.4991016387939453,6.23828125
29,91,0.0009765625,0.0,2.2476151554933903,2.4964094161987305,6.2412109375
29,89,0.0009765625,0.0,2.2501719910898013,2.499220371246338,6.241092205047607
29,92,0.0009765625,0.0,2.24369218835809,2.496290683746338,6.238399982452393
30,94,0.00048828125,0.0,2.2437295372539774,2.497125744819641,6.240478515625
30,93,0.00048828125,0.0,2.242672007681484,2.497023105621338,6.239116668701172
30,95,0.00048828125,0.0,2.2460085437284,2.4983853101730347,6.239013671875
30,96,0.00048828125,0.0,2.245893182569045,2.498487949371338,6.240375518798828
31,98,0.0009765625,0.0,2.244517294488525,2.4981689453125,6.240581512451172
31,99,0.0009765625,0.0,2.2474665804870586,2.498487949371338,6.237969398498535
31,97,0.0009765625,0.0,2.2522019877616066,2.495558261871338,6.240263938903809
31,100,0.0009765625,0.0,2.244452567252965,2.495877265930176,6.237651824951172
